<?xml version="1.0" encoding="UTF-8"?>
<!-- Generated by org.testng.reporters.JUnitReportReporter -->
<testsuite hostname="DESKTOP-MARQISV" failures="0" tests="1" name="update10StudentsRecordsExcel" time="0.173" errors="0" timestamp="2021-11-30T11:45:37 IST" skipped="0">
  <testcase classname="update10StudentsRecordsExcel" name="testImportexport1" time="0.173"/>
  <system-out/>
</testsuite> <!-- update10StudentsRecordsExcel -->
