<?xml version="1.0" encoding="UTF-8"?>
<!-- Generated by org.testng.reporters.JUnitReportReporter -->
<testsuite hostname="DESKTOP-MARQISV" failures="0" tests="1" name="studentsMoreThan70" time="0.176" errors="0" timestamp="2021-11-28T18:39:44 IST" skipped="0">
  <testcase classname="studentsMoreThan70" name="testImportexport1" time="0.176"/>
  <system-out/>
</testsuite> <!-- studentsMoreThan70 -->
